<?xml version="1.0" encoding="utf-8"?><testsuites name="pytest tests"><testsuite name="pytest" errors="0" failures="0" skipped="0" tests="8" time="1.448" timestamp="2026-05-30T15:47:57.344547+00:00" hostname="agent-env-fa8f3bcd-44ea-413a-b1a3-7859701d7c06"><testcase classname="backend.tests.test_drc_api.TestHealth" name="test_health_ok" time="0.282" /><testcase classname="backend.tests.test_drc_api.TestHealth" name="test_root" time="0.147" /><testcase classname="backend.tests.test_drc_api.TestQuoteCreate" name="test_create_quote_full_payload" time="0.158" /><testcase classname="backend.tests.test_drc_api.TestQuoteCreate" name="test_create_quote_without_email" time="0.151" /><testcase classname="backend.tests.test_drc_api.TestQuoteCreate" name="test_missing_name_returns_422" time="0.141" /><testcase classname="backend.tests.test_drc_api.TestQuoteCreate" name="test_name_too_short_returns_422" time="0.104" /><testcase classname="backend.tests.test_drc_api.TestQuoteCreate" name="test_invalid_email_returns_422" time="0.110" /><testcase classname="backend.tests.test_drc_api.TestQuoteList" name="test_list_quotes_sorted_desc" time="0.285" /></testsuite></testsuites>